# JRE version: OpenJDK Runtime Environment (8.0_202) (build 1.8.0_202-release-1483-b49-5587405)
# Java VM: OpenJDK 64-Bit Server VM (25.202-b49-5587405 mixed mode linux-amd64 compressed oops)
Heap:
 PSYoungGen      total 430592K, used 0K [0x00000000e0000000, 0x0000000100000000, 0x0000000100000000)
  eden space 336896K, 0% used [0x00000000e0000000,0x00000000e0000000,0x00000000f4900000)
  from space 93696K, 0% used [0x00000000f4900000,0x00000000f4900000,0x00000000fa480000)
  to   space 93696K, 0% used [0x00000000fa480000,0x00000000fa480000,0x0000000100000000)
 ParOldGen       total 558080K, used 459097K [0x00000000a0000000, 0x00000000c2100000, 0x00000000e0000000)
  object space 558080K, 82% used [0x00000000a0000000,0x00000000bc056428,0x00000000c2100000)
 Metaspace       used 331264K, capacity 349500K, committed 376280K, reserved 1376256K
  class space    used 41939K, capacity 45240K, committed 49920K, reserved 1048576K
GC Heap History (10 events):
Event: 10452.529 GC heap after
Heap after GC invocations=165 (full 16):
 PSYoungGen      total 456192K, used 7084K [0x00000000e0000000, 0x0000000100000000, 0x0000000100000000)
  eden space 388096K, 0% used [0x00000000e0000000,0x00000000e0000000,0x00000000f7b00000)
  from space 68096K, 10% used [0x00000000f7b00000,0x00000000f81eb278,0x00000000fbd80000)
  to   space 67584K, 0% used [0x00000000fbe00000,0x00000000fbe00000,0x0000000100000000)
 ParOldGen       total 558080K, used 349608K [0x00000000a0000000, 0x00000000c2100000, 0x00000000e0000000)
  object space 558080K, 62% used [0x00000000a0000000,0x00000000b556a170,0x00000000c2100000)
 Metaspace       used 351510K, capacity 370594K, committed 378968K, reserved 1378304K
  class space    used 44432K, capacity 47839K, committed 49536K, reserved 1048576K
}
Event: 10575.963 GC heap before
{Heap before GC invocations=166 (full 16):
 PSYoungGen      total 456192K, used 395180K [0x00000000e0000000, 0x0000000100000000, 0x0000000100000000)
  eden space 388096K, 100% used [0x00000000e0000000,0x00000000f7b00000,0x00000000f7b00000)
  from space 68096K, 10% used [0x00000000f7b00000,0x00000000f81eb278,0x00000000fbd80000)
  to   space 67584K, 0% used [0x00000000fbe00000,0x00000000fbe00000,0x0000000100000000)
 ParOldGen       total 558080K, used 349608K [0x00000000a0000000, 0x00000000c2100000, 0x00000000e0000000)
  object space 558080K, 62% used [0x00000000a0000000,0x00000000b556a170,0x00000000c2100000)
 Metaspace       used 352123K, capacity 371286K, committed 378968K, reserved 1378304K
  class space    used 44497K, capacity 47933K, committed 49536K, reserved 1048576K
Event: 10576.037 GC heap after
Heap after GC invocations=166 (full 16):
 PSYoungGen      total 448512K, used 19912K [0x00000000e0000000, 0x00000000ff880000, 0x0000000100000000)
  eden space 388608K, 0% used [0x00000000e0000000,0x00000000e0000000,0x00000000f7b80000)
  from space 59904K, 33% used [0x00000000fbe00000,0x00000000fd172318,0x00000000ff880000)
  to   space 64000K, 0% used [0x00000000f7b80000,0x00000000f7b80000,0x00000000fba00000)
 ParOldGen       total 558080K, used 351624K [0x00000000a0000000, 0x00000000c2100000, 0x00000000e0000000)
  object space 558080K, 63% used [0x00000000a0000000,0x00000000b5762128,0x00000000c2100000)
 Metaspace       used 352123K, capacity 371286K, committed 378968K, reserved 1378304K
  class space    used 44497K, capacity 47933K, committed 49536K, reserved 1048576K
}
Event: 10583.455 GC heap before
{Heap before GC invocations=167 (full 16):
 PSYoungGen      total 448512K, used 408520K [0x00000000e0000000, 0x00000000ff880000, 0x0000000100000000)
  eden space 388608K, 100% used [0x00000000e0000000,0x00000000f7b80000,0x00000000f7b80000)
  from space 59904K, 33% used [0x00000000fbe00000,0x00000000fd172318,0x00000000ff880000)
  to   space 64000K, 0% used [0x00000000f7b80000,0x00000000f7b80000,0x00000000fba00000)
 ParOldGen       total 558080K, used 351624K [0x00000000a0000000, 0x00000000c2100000, 0x00000000e0000000)
  object space 558080K, 63% used [0x00000000a0000000,0x00000000b5762128,0x00000000c2100000)
 Metaspace       used 352234K, capacity 371484K, committed 378968K, reserved 1378304K
  class space    used 44505K, capacity 47944K, committed 49536K, reserved 1048576K
Event: 10583.503 GC heap after
Heap after GC invocations=167 (full 16):
 PSYoungGen      total 452608K, used 14791K [0x00000000e0000000, 0x0000000100000000, 0x0000000100000000)
  eden space 388608K, 0% used [0x00000000e0000000,0x00000000e0000000,0x00000000f7b80000)
  from space 64000K, 23% used [0x00000000f7b80000,0x00000000f89f1d08,0x00000000fba00000)
  to   space 61952K, 0% used [0x00000000fc380000,0x00000000fc380000,0x0000000100000000)
 ParOldGen       total 558080K, used 368434K [0x00000000a0000000, 0x00000000c2100000, 0x00000000e0000000)
  object space 558080K, 66% used [0x00000000a0000000,0x00000000b67cc840,0x00000000c2100000)
 Metaspace       used 352234K, capacity 371484K, committed 378968K, reserved 1378304K
  class space    used 44505K, capacity 47944K, committed 49536K, reserved 1048576K
}
Event: 10586.234 GC heap before
{Heap before GC invocations=168 (full 16):
 PSYoungGen      total 452608K, used 403399K [0x00000000e0000000, 0x0000000100000000, 0x0000000100000000)
  eden space 388608K, 100% used [0x00000000e0000000,0x00000000f7b80000,0x00000000f7b80000)
  from space 64000K, 23% used [0x00000000f7b80000,0x00000000f89f1d08,0x00000000fba00000)
  to   space 61952K, 0% used [0x00000000fc380000,0x00000000fc380000,0x0000000100000000)
 ParOldGen       total 558080K, used 368434K [0x00000000a0000000, 0x00000000c2100000, 0x00000000e0000000)
  object space 558080K, 66% used [0x00000000a0000000,0x00000000b67cc840,0x00000000c2100000)
 Metaspace       used 360259K, capacity 380300K, committed 380888K, reserved 1380352K
  class space    used 45618K, capacity 49222K, committed 49664K, reserved 1048576K
Event: 10586.334 GC heap after
Heap after GC invocations=168 (full 16):
 PSYoungGen      total 398848K, used 61923K [0x00000000e0000000, 0x0000000100000000, 0x0000000100000000)
  eden space 336896K, 0% used [0x00000000e0000000,0x00000000e0000000,0x00000000f4900000)
  from space 61952K, 99% used [0x00000000fc380000,0x00000000ffff8d20,0x0000000100000000)
  to   space 93696K, 0% used [0x00000000f4900000,0x00000000f4900000,0x00000000fa480000)
 ParOldGen       total 558080K, used 426210K [0x00000000a0000000, 0x00000000c2100000, 0x00000000e0000000)
  object space 558080K, 76% used [0x00000000a0000000,0x00000000ba038938,0x00000000c2100000)
 Metaspace       used 360259K, capacity 380300K, committed 380888K, reserved 1380352K
  class space    used 45618K, capacity 49222K, committed 49664K, reserved 1048576K
}
Event: 10588.894 GC heap before
{Heap before GC invocations=169 (full 16):
 PSYoungGen      total 398848K, used 398819K [0x00000000e0000000, 0x0000000100000000, 0x0000000100000000)
  eden space 336896K, 100% used [0x00000000e0000000,0x00000000f4900000,0x00000000f4900000)
  from space 61952K, 99% used [0x00000000fc380000,0x00000000ffff8d20,0x0000000100000000)
  to   space 93696K, 0% used [0x00000000f4900000,0x00000000f4900000,0x00000000fa480000)
 ParOldGen       total 558080K, used 426210K [0x00000000a0000000, 0x00000000c2100000, 0x00000000e0000000)
  object space 558080K, 76% used [0x00000000a0000000,0x00000000ba038938,0x00000000c2100000)
 Metaspace       used 363923K, capacity 383982K, committed 384472K, reserved 1384448K
  class space    used 46012K, capacity 49599K, committed 49920K, reserved 1048576K
Event: 10589.068 GC heap after
Heap after GC invocations=169 (full 16):
 PSYoungGen      total 430592K, used 93673K [0x00000000e0000000, 0x0000000100000000, 0x0000000100000000)
  eden space 336896K, 0% used [0x00000000e0000000,0x00000000e0000000,0x00000000f4900000)
  from space 93696K, 99% used [0x00000000f4900000,0x00000000fa47a440,0x00000000fa480000)
  to   space 93696K, 0% used [0x00000000fa480000,0x00000000fa480000,0x0000000100000000)
 ParOldGen       total 558080K, used 522016K [0x00000000a0000000, 0x00000000c2100000, 0x00000000e0000000)
  object space 558080K, 93% used [0x00000000a0000000,0x00000000bfdc82b8,0x00000000c2100000)
 Metaspace       used 363923K, capacity 383982K, committed 384472K, reserved 1384448K
  class space    used 46012K, capacity 49599K, committed 49920K, reserved 1048576K
}
Event: 10589.068 GC heap before
{Heap before GC invocations=170 (full 17):
 PSYoungGen      total 430592K, used 93673K [0x00000000e0000000, 0x0000000100000000, 0x0000000100000000)
  eden space 336896K, 0% used [0x00000000e0000000,0x00000000e0000000,0x00000000f4900000)
  from space 93696K, 99% used [0x00000000f4900000,0x00000000fa47a440,0x00000000fa480000)
  to   space 93696K, 0% used [0x00000000fa480000,0x00000000fa480000,0x0000000100000000)
 ParOldGen       total 558080K, used 522016K [0x00000000a0000000, 0x00000000c2100000, 0x00000000e0000000)
  object space 558080K, 93% used [0x00000000a0000000,0x00000000bfdc82b8,0x00000000c2100000)
 Metaspace       used 363923K, capacity 383982K, committed 384472K, reserved 1384448K
  class space    used 46012K, capacity 49599K, committed 49920K, reserved 1048576K

