# JRE version: OpenJDK Runtime Environment (11.0.10) (build 11.0.10+0-b96-7249189)
# Java VM: OpenJDK 64-Bit Server VM (11.0.10+0-b96-7249189, mixed mode, tiered, compressed oops, g1 gc, windows-amd64)
Heap:
 garbage-first heap   total 336896K, used 147701K [0x00000000a0000000, 0x0000000100000000)
  region size 1024K, 5 young (5120K), 5 survivors (5120K)
 Metaspace       used 90292K, capacity 92568K, committed 93004K, reserved 1130496K
  class space    used 11548K, capacity 12406K, committed 12620K, reserved 1048576K
GC Heap History (20 events):
Event: 77.955 GC heap after
{Heap after GC invocations=43 (full 0):
 garbage-first heap   total 126976K, used 98187K [0x00000000a0000000, 0x0000000100000000)
  region size 1024K, 2 young (2048K), 2 survivors (2048K)
 Metaspace       used 88338K, capacity 90473K, committed 90956K, reserved 1128448K
  class space    used 11353K, capacity 12206K, committed 12364K, reserved 1048576K
}
Event: 78.010 GC heap before
{Heap before GC invocations=43 (full 0):
 garbage-first heap   total 126976K, used 106379K [0x00000000a0000000, 0x0000000100000000)
  region size 1024K, 11 young (11264K), 2 survivors (2048K)
 Metaspace       used 88404K, capacity 90554K, committed 90956K, reserved 1128448K
  class space    used 11353K, capacity 12206K, committed 12364K, reserved 1048576K
}
Event: 78.013 GC heap after
{Heap after GC invocations=44 (full 0):
 garbage-first heap   total 126976K, used 99015K [0x00000000a0000000, 0x0000000100000000)
  region size 1024K, 1 young (1024K), 1 survivors (1024K)
 Metaspace       used 88404K, capacity 90554K, committed 90956K, reserved 1128448K
  class space    used 11353K, capacity 12206K, committed 12364K, reserved 1048576K
}
Event: 78.058 GC heap before
{Heap before GC invocations=45 (full 0):
 garbage-first heap   total 126976K, used 107207K [0x00000000a0000000, 0x0000000100000000)
  region size 1024K, 10 young (10240K), 1 survivors (1024K)
 Metaspace       used 88415K, capacity 90619K, committed 91212K, reserved 1128448K
  class space    used 11353K, capacity 12206K, committed 12364K, reserved 1048576K
}
Event: 78.061 GC heap after
{Heap after GC invocations=46 (full 0):
 garbage-first heap   total 165888K, used 99666K [0x00000000a0000000, 0x0000000100000000)
  region size 1024K, 2 young (2048K), 2 survivors (2048K)
 Metaspace       used 88415K, capacity 90619K, committed 91212K, reserved 1128448K
  class space    used 11353K, capacity 12206K, committed 12364K, reserved 1048576K
}
Event: 78.177 GC heap before
{Heap before GC invocations=46 (full 0):
 garbage-first heap   total 165888K, used 104786K [0x00000000a0000000, 0x0000000100000000)
  region size 1024K, 8 young (8192K), 2 survivors (2048K)
 Metaspace       used 88475K, capacity 90627K, committed 91212K, reserved 1128448K
  class space    used 11359K, capacity 12208K, committed 12364K, reserved 1048576K
}
Event: 78.181 GC heap after
{Heap after GC invocations=47 (full 0):
 garbage-first heap   total 165888K, used 100021K [0x00000000a0000000, 0x0000000100000000)
  region size 1024K, 1 young (1024K), 1 survivors (1024K)
 Metaspace       used 88475K, capacity 90627K, committed 91212K, reserved 1128448K
  class space    used 11359K, capacity 12208K, committed 12364K, reserved 1048576K
}
Event: 78.414 GC heap before
{Heap before GC invocations=47 (full 0):
 garbage-first heap   total 165888K, used 127669K [0x00000000a0000000, 0x0000000100000000)
  region size 1024K, 25 young (25600K), 1 survivors (1024K)
 Metaspace       used 88588K, capacity 90695K, committed 91212K, reserved 1128448K
  class space    used 11364K, capacity 12209K, committed 12364K, reserved 1048576K
}
Event: 78.416 GC heap after
{Heap after GC invocations=48 (full 0):
 garbage-first heap   total 165888K, used 102397K [0x00000000a0000000, 0x0000000100000000)
  region size 1024K, 4 young (4096K), 4 survivors (4096K)
 Metaspace       used 88588K, capacity 90695K, committed 91212K, reserved 1128448K
  class space    used 11364K, capacity 12209K, committed 12364K, reserved 1048576K
}
Event: 78.509 GC heap before
{Heap before GC invocations=48 (full 0):
 garbage-first heap   total 165888K, used 125949K [0x00000000a0000000, 0x0000000100000000)
  region size 1024K, 28 young (28672K), 4 survivors (4096K)
 Metaspace       used 88628K, capacity 90770K, committed 91212K, reserved 1128448K
  class space    used 11364K, capacity 12209K, committed 12364K, reserved 1048576K
}
Event: 78.513 GC heap after
{Heap after GC invocations=49 (full 0):
 garbage-first heap   total 165888K, used 104275K [0x00000000a0000000, 0x0000000100000000)
  region size 1024K, 2 young (2048K), 2 survivors (2048K)
 Metaspace       used 88628K, capacity 90770K, committed 91212K, reserved 1128448K
  class space    used 11364K, capacity 12209K, committed 12364K, reserved 1048576K
}
Event: 78.774 GC heap before
{Heap before GC invocations=50 (full 0):
 garbage-first heap   total 165888K, used 131923K [0x00000000a0000000, 0x0000000100000000)
  region size 1024K, 27 young (27648K), 2 survivors (2048K)
 Metaspace       used 89511K, capacity 91715K, committed 92108K, reserved 1128448K
  class space    used 11475K, capacity 12334K, committed 12492K, reserved 1048576K
}
Event: 78.781 GC heap after
{Heap after GC invocations=51 (full 0):
 garbage-first heap   total 225280K, used 117284K [0x00000000a0000000, 0x0000000100000000)
  region size 1024K, 4 young (4096K), 4 survivors (4096K)
 Metaspace       used 89511K, capacity 91715K, committed 92108K, reserved 1128448K
  class space    used 11475K, capacity 12334K, committed 12492K, reserved 1048576K
}
Event: 78.802 GC heap before
{Heap before GC invocations=51 (full 0):
 garbage-first heap   total 225280K, used 124452K [0x00000000a0000000, 0x0000000100000000)
  region size 1024K, 11 young (11264K), 4 survivors (4096K)
 Metaspace       used 89528K, capacity 91779K, committed 92108K, reserved 1128448K
  class space    used 11475K, capacity 12334K, committed 12492K, reserved 1048576K
}
Event: 78.807 GC heap after
{Heap after GC invocations=52 (full 0):
 garbage-first heap   total 225280K, used 122709K [0x00000000a0000000, 0x0000000100000000)
  region size 1024K, 2 young (2048K), 2 survivors (2048K)
 Metaspace       used 89528K, capacity 91779K, committed 92108K, reserved 1128448K
  class space    used 11475K, capacity 12334K, committed 12492K, reserved 1048576K
}
Event: 78.981 GC heap before
{Heap before GC invocations=52 (full 0):
 garbage-first heap   total 225280K, used 158549K [0x00000000a0000000, 0x0000000100000000)
  region size 1024K, 37 young (37888K), 2 survivors (2048K)
 Metaspace       used 89985K, capacity 92210K, committed 92620K, reserved 1130496K
  class space    used 11524K, capacity 12372K, committed 12492K, reserved 1048576K
}
Event: 78.989 GC heap after
{Heap after GC invocations=53 (full 0):
 garbage-first heap   total 225280K, used 136359K [0x00000000a0000000, 0x0000000100000000)
  region size 1024K, 5 young (5120K), 5 survivors (5120K)
 Metaspace       used 89985K, capacity 92210K, committed 92620K, reserved 1130496K
  class space    used 11524K, capacity 12372K, committed 12492K, reserved 1048576K
}
Event: 79.314 GC heap before
{Heap before GC invocations=53 (full 0):
 garbage-first heap   total 225280K, used 174247K [0x00000000a0000000, 0x0000000100000000)
  region size 1024K, 35 young (35840K), 5 survivors (5120K)
 Metaspace       used 90286K, capacity 92568K, committed 93004K, reserved 1130496K
  class space    used 11548K, capacity 12406K, committed 12620K, reserved 1048576K
}
Event: 79.321 GC heap after
{Heap after GC invocations=54 (full 0):
 garbage-first heap   total 225280K, used 143457K [0x00000000a0000000, 0x0000000100000000)
  region size 1024K, 5 young (5120K), 5 survivors (5120K)
 Metaspace       used 90286K, capacity 92568K, committed 93004K, reserved 1130496K
  class space    used 11548K, capacity 12406K, committed 12620K, reserved 1048576K
}
Event: 79.397 GC heap before
{Heap before GC invocations=54 (full 0):
 garbage-first heap   total 225280K, used 173153K [0x00000000a0000000, 0x0000000100000000)
  region size 1024K, 34 young (34816K), 5 survivors (5120K)
 Metaspace       used 90292K, capacity 92568K, committed 93004K, reserved 1130496K
  class space    used 11548K, capacity 12406K, committed 12620K, reserved 1048576K
}

